/*C3*/SET SCHEMA PUBLIC
alter table OrderedItems drop constraint FK69548F73FF6FE3DD
alter table cartitems drop constraint FKD3F60A0F56E15C7
drop table OrderedItems if exists
drop table cartitems if exists
drop table orders if exists
drop table products if exists
drop table users if exists
create table OrderedItems (id bigint generated by default as identity (start with 1), name varchar(255), orderId bigint not null, price float not null, prodId bigint not null, quantity integer not null, primary key (id))
create table cartitems (id bigint generated by default as identity (start with 1), amount integer not null, createDate timestamp, userId bigint, prodId bigint, primary key (id))
create table orders (id bigint generated by default as identity (start with 1), adjust float, createDate timestamp, description varchar(255), status varchar(255), updateDate timestamp, userId bigint not null, primary key (id))
create table products (id bigint generated by default as identity (start with 1), available bit not null, createDate timestamp, imgPath varchar(255), productname varchar(255), price float not null, quantity integer not null, primary key (id))
create table users (id bigint generated by default as identity (start with 1), username varchar(255), password varchar(255), userrole varchar(255), primary key (id))
alter table OrderedItems add constraint FK69548F73FF6FE3DD foreign key (orderId) references orders
alter table cartitems add constraint FKD3F60A0F56E15C7 foreign key (prodId) references products
INSERT INTO USERS VALUES(1,'zk','zk','admin')
COMMIT
INSERT INTO PRODUCTS VALUES(1,'1','2012-10-19 11:38:06.483000','/image/cookie.jpg','Cookies',4.0E0,30)
COMMIT
INSERT INTO PRODUCTS VALUES(2,'1','2012-10-19 11:38:06.483000','/image/toast.jpg','Toast',3.0E0,43)
COMMIT
INSERT INTO PRODUCTS VALUES(3,'1','2012-10-19 11:38:06.484000','/image/chocolate.jpg','Chocolate',5.1E0,12)
COMMIT
INSERT INTO PRODUCTS VALUES(4,'1','2012-10-19 11:38:06.484000','/image/butter.jpg','Butter',2.5E0,60)
COMMIT
INSERT INTO PRODUCTS VALUES(5,'1','2012-10-19 11:38:06.485000','/image/milk.jpg','Milk',3.1E0,71)
COMMIT
INSERT INTO PRODUCTS VALUES(6,'1','2012-10-19 11:38:06.485000','/image/coffee.jpg','Coffee Powder',10.4E0,59)
COMMIT
INSERT INTO CARTITEMS VALUES(1,3,'2012-07-31 12:00:00.000000',1,1)
COMMIT
INSERT INTO ORDERS VALUES(1,NULL,'2012-10-19 11:38:06.487000',' nobody at home in day time','processing',NULL,1)
COMMIT
INSERT INTO ORDEREDITEMS VALUES(1,'Cookies',1,4.0E0,1,10)
COMMIT
INSERT INTO ORDEREDITEMS VALUES(2,'Toast',1,3.1E0,2,5)
COMMIT
INSERT INTO ORDERS VALUES(2,NULL,'2012-10-19 11:38:18.437000',NULL,'processing','2012-10-19 11:38:18.437000',1)
INSERT INTO ORDEREDITEMS VALUES(3,'Milk',2,3.0999999046325684E0,5,1)
INSERT INTO ORDEREDITEMS VALUES(4,'Chocolate',2,5.099999904632568E0,3,1)
INSERT INTO ORDEREDITEMS VALUES(5,'Butter',2,2.5E0,4,1)
COMMIT
DELETE FROM ORDERS WHERE ID=2
INSERT INTO ORDERS VALUES(2,NULL,'2012-10-19 11:38:18.437000',NULL,'canceled','2012-10-19 11:38:18.437000',1)
COMMIT
